<testsuites time="3.849">
  <testsuite name="." time="3.849">
    <testsuite name="simple" time="2.311">
      <testsuite name="waves-balance" time="2.311">
        <testcase name="" file="simple/waves-balance/waves-balance-failure.test.conf" time="1.468">
          <failure message="Expected value did not match" type="AssertionError">
            <![CDATA[[31mfailed[0m:
  expected:
    {
      "available" : {
        "type" : "Int",
        "value" : 100
      },
      "effective" : {
        "type" : "Int",
        "value" : 100
      },
      "generating" : {
        "type" : "Int",
        "value" : 100
      },
      "regular" : {
        "type" : "Int",
        "value" : 0
      }
    }    
  actual:
    {
      "available" : {
        "type" : "Int",
        "value" : 100
      },
      "regular" : {
        "type" : "Int",
        "value" : 100
      },
      "generating" : {
        "type" : "Int",
        "value" : 100
      },
      "effective" : {
        "type" : "Int",
        "value" : 100
      }
    }    ]]>
          </failure>
        </testcase>
        <testcase name="" file="simple/waves-balance/waves-balance-error.test.conf" time="0.843">
          <error 
          message="JsResultException(errors:List((/state/height,List(JsonValidationError(List(error.expected.jsnumber),List())))))" type="JsResultException">
            <![CDATA[play.api.libs.json.JsResultException: JsResultException(errors:List((/state/height,List(JsonValidationError(List(error.expected.jsnumber),List())))))
	at play.api.libs.json.JsReadable.$anonfun$as$2(JsReadable.scala:25)
	at play.api.libs.json.JsError.fold(JsResult.scala:66)
	at play.api.libs.json.JsReadable.as(JsReadable.scala:24)
	at play.api.libs.json.JsReadable.as$(JsReadable.scala:23)
	at play.api.libs.json.JsObject.as(JsValue.scala:126)
	at com.wavesplatform.ride.runner.input.RideRunnerInputParser$.parse(RideRunnerInputParser.scala:193)
	at com.wavesplatform.ride.runner.entrypoints.WavesRideRunnerWithPreparedStateApp$.run(WavesRideRunnerWithPreparedStateApp.scala:83)
	at com.wavesplatform.ride.runner.entrypoints.WavesRideRunnerWithPreparedStateApp$.$anonfun$main$7(WavesRideRunnerWithPreparedStateApp.scala:56)
	at map @ com.wavesplatform.ride.runner.entrypoints.WavesRideRunnerWithPreparedStateApp$.$anonfun$main$6(WavesRideRunnerWithPreparedStateApp.scala:58)
	at runSyncUnsafe @ com.wavesplatform.ride.runner.entrypoints.WavesRideRunnerWithPreparedStateApp$.$anonfun$main$1(WavesRideRunnerWithPreparedStateApp.scala:70)
]]>
</error>
        </testcase>
      </testsuite>
    </testsuite>
    <testcase name="" file="all-functions.test.conf" time="1.538">
      <system-out><![CDATA[[32msucceeded[0m: "9007199361531056" ]]></system-out>
    </testcase>
  </testsuite>
</testsuites>